
Showing logs for build [32mcb-kubecd-bdd-gh-1574878375-pr-1[0m stage [32mfrom-build-pack[0m and container [32mstep-credential-initializer-nmvwq[0m
{"level":"warn","ts":1574880641.5663314,"logger":"fallback-logger","caller":"logging/config.go:69","msg":"Fetch GitHub commit ID from kodata failed: \"ref: refs/heads/master\" is not a valid GitHub commit ID"}
{"level":"info","ts":1574880641.5668714,"logger":"fallback-logger","caller":"creds-init/main.go:40","msg":"Credentials initialized."}

Showing logs for build [32mcb-kubecd-bdd-gh-1574878375-pr-1[0m stage [32mfrom-build-pack[0m and container [32mstep-working-dir-initializer-bdx6t[0m
{"level":"warn","ts":1574880642.9587476,"logger":"fallback-logger","caller":"logging/config.go:69","msg":"Fetch GitHub commit ID from kodata failed: open /var/run/ko/HEAD: no such file or directory"}
{"level":"info","ts":1574880642.9605374,"logger":"fallback-logger","caller":"bash/main.go:65","msg":"Successfully executed command \"mkdir -p /workspace/source\""}

Showing logs for build [32mcb-kubecd-bdd-gh-1574878375-pr-1[0m stage [32mfrom-build-pack[0m and container [32mstep-place-tools[0m

Showing logs for build [32mcb-kubecd-bdd-gh-1574878375-pr-1[0m stage [32mfrom-build-pack[0m and container [32mstep-git-source-cb-kubecd-bdd-gh-1574878375-pr-gs954[0m
{"level":"warn","ts":1574880649.1583216,"logger":"fallback-logger","caller":"logging/config.go:69","msg":"Fetch GitHub commit ID from kodata failed: \"ref: refs/heads/master\" is not a valid GitHub commit ID"}
{"level":"info","ts":1574880650.3254387,"logger":"fallback-logger","caller":"git/git.go:102","msg":"Successfully cloned https://github.com/cb-kubecd/bdd-gh-1574878375.git @ master in path /workspace/source"}

Showing logs for build [32mcb-kubecd-bdd-gh-1574878375-pr-1[0m stage [32mfrom-build-pack[0m and container [32mstep-git-merge[0m
Using SHAs from PULL_REFS=master:6d0acb0bd96d325e1fd614f449ee78d15dfa9d85,1:be7d765f0cfc241255c26d735b185d5fa34a0f2b
DEBUG: ran git fetch --unshallow origin be7d765f0cfc241255c26d735b185d5fa34a0f2b: 6d0acb0bd96d325e1fd614f449ee78d15dfa9d85: in 
DEBUG: ran git checkout master in 
DEBUG: ran git reset --hard 6d0acb0bd96d325e1fd614f449ee78d15dfa9d85 in 
DEBUG: ran clean --force -d . in 
DEBUG: ran git merge be7d765f0cfc241255c26d735b185d5fa34a0f2b in 
Merged SHA be7d765f0cfc241255c26d735b185d5fa34a0f2b with commit message 'My first PR commit' into base branch master

Showing logs for build [32mcb-kubecd-bdd-gh-1574878375-pr-1[0m stage [32mfrom-build-pack[0m and container [32mstep-build-make-linux[0m
CGO_ENABLED=0 GOOS=linux GOARCH=amd64 GO15VENDOREXPERIMENT=1 go build -ldflags '' -o bin/bdd-gh-1574878375 main.go

Showing logs for build [32mcb-kubecd-bdd-gh-1574878375-pr-1[0m stage [32mfrom-build-pack[0m and container [32mstep-build-container-build[0m
[36mINFO[0m[0000] No base image, nothing to extract            
[36mINFO[0m[0000] cmd: EXPOSE                                  
[36mINFO[0m[0000] Adding exposed port: 8080/tcp                
[36mINFO[0m[0000] Using files from context: [/workspace/source/bin] 
[36mINFO[0m[0000] Skipping unpacking as no commands require it. 
[36mINFO[0m[0000] Taking snapshot of full filesystem...        
[36mINFO[0m[0000] EXPOSE 8080                                  
[36mINFO[0m[0000] cmd: EXPOSE                                  
[36mINFO[0m[0000] Adding exposed port: 8080/tcp                
[36mINFO[0m[0000] No files changed in this command, skipping snapshotting. 
[36mINFO[0m[0000] ENTRYPOINT ["/bdd-gh-1574878375"]            
[36mINFO[0m[0000] No files changed in this command, skipping snapshotting. 
[36mINFO[0m[0000] Using files from context: [/workspace/source/bin] 
[36mINFO[0m[0000] COPY ./bin/ /                                
[36mINFO[0m[0000] Taking snapshot of files...                  
2019/11/27 18:51:08 pushed blob: sha256:6f57b1f7b259b6c1ce7cda73f7f38b89681ee72ca2845c93f62f67cdb205b61d
2019/11/27 18:51:09 pushed blob: sha256:9b94474b86becf865b47a35ff6b679f0cacf9fb66004d033cd3ae7949d17de77
2019/11/27 18:51:10 gcr.io/jenkins-x-bdd3/bdd-gh-1574878375:0.0.0-SNAPSHOT-PR-1-1: digest: sha256:5f28bb4e253d103c0b2b664c0bb4b7f1928d431f870d0d337838727a0c7b8110 size: 428

Showing logs for build [32mcb-kubecd-bdd-gh-1574878375-pr-1[0m stage [32mfrom-build-pack[0m and container [32mstep-postbuild-post-build[0m
no CVE provider running in the current ** namespace so skip adding image to be analysed

Showing logs for build [32mcb-kubecd-bdd-gh-1574878375-pr-1[0m stage [32mfrom-build-pack[0m and container [32mstep-promote-make-preview[0m
sed -i -e "s/version:.*/version: 0.0.0-SNAPSHOT-PR-1-1/" Chart.yaml
sed -i -e "s/version:.*/version: 0.0.0-SNAPSHOT-PR-1-1/" ../*/Chart.yaml
sed -i -e "s|repository:.*|repository: gcr.io\/jenkins-x-bdd3\/bdd-gh-1574878375|" values.yaml
sed -i -e "s/tag:.*/tag: 0.0.0-SNAPSHOT-PR-1-1/" values.yaml
echo "  version: 0.0.0-SNAPSHOT-PR-1-1" >> requirements.yaml
** step helm build
WARNING: No $CHART_REPOSITORY defined so using the default value of: http://jenkins-x-chartmuseum:8080
Adding missing Helm repo: storage.googleapis.com https://storage.googleapis.com/chartmuseum.jenkins-x.io
Read credentials for https://storage.googleapis.com/chartmuseum.jenkins-x.io from vault helm/repos
Successfully added Helm repository storage.googleapis.com.
Adding missing Helm repo: jenkins-x-chartmuseum http://jenkins-x-chartmuseum:8080
Read credentials for http://jenkins-x-chartmuseum:8080 from vault helm/repos
Successfully added Helm repository jenkins-x-chartmuseum.
WARNING: No $CHART_REPOSITORY defined so using the default value of: http://jenkins-x-chartmuseum:8080
Adding missing Helm repo: chartmuseum.jenkins-x.io http://chartmuseum.jenkins-x.io
Read credentials for http://chartmuseum.jenkins-x.io from vault helm/repos
Successfully added Helm repository chartmuseum.jenkins-x.io.

Showing logs for build [32mcb-kubecd-bdd-gh-1574878375-pr-1[0m stage [32mfrom-build-pack[0m and container [32mstep-promote-jx-preview[0m
Creating a preview
Created environment cb-kubecd-bdd-gh-1574878375-pr-1
Namespace **-cb-kubecd-bdd-gh-1574878375-pr-1 created 
expose:
  Annotations:
    helm.sh/hook: post-install,post-upgrade
    helm.sh/hook-delete-policy: hook-succeeded
  config:
    domain: c**d5.bdd.jenkins-x.rocks
    exposer: Ingress
    http: "true"
preview:
  image:
    repository: gcr.io/jenkins-x-bdd3/bdd-gh-1574878375
    tag: 0.0.0-SNAPSHOT-PR-1-1


Updating PipelineActivities cb-kubecd-bdd-gh-1574878375-pr-1-1 which has status Running
WARNING: preview application http://bdd-gh-1574878375.**-cb-kubecd-bdd-gh-1574878375-pr-1.c**d5.bdd.jenkins-x.rocks not available, error was Get http://bdd-gh-1574878375.**-cb-kubecd-bdd-gh-1574878375-pr-1.c**d5.bdd.jenkins-x.rocks: dial tcp: lookup bdd-gh-1574878375.**-cb-kubecd-bdd-gh-1574878375-pr-1.c**d5.bdd.jenkins-x.rocks on 10.71.240.10:53: no such host, delaying for: 1.050146921s
WARNING: preview application http://bdd-gh-1574878375.**-cb-kubecd-bdd-gh-1574878375-pr-1.c**d5.bdd.jenkins-x.rocks not available, error was Get http://bdd-gh-1574878375.**-cb-kubecd-bdd-gh-1574878375-pr-1.c**d5.bdd.jenkins-x.rocks: dial tcp: lookup bdd-gh-1574878375.**-cb-kubecd-bdd-gh-1574878375-pr-1.c**d5.bdd.jenkins-x.rocks on 10.71.240.10:53: no such host, delaying for: 2.123731972s
WARNING: preview application http://bdd-gh-1574878375.**-cb-kubecd-bdd-gh-1574878375-pr-1.c**d5.bdd.jenkins-x.rocks not available, error was Get http://bdd-gh-1574878375.**-cb-kubecd-bdd-gh-1574878375-pr-1.c**d5.bdd.jenkins-x.rocks: dial tcp: lookup bdd-gh-1574878375.**-cb-kubecd-bdd-gh-1574878375-pr-1.c**d5.bdd.jenkins-x.rocks on 10.71.240.10:53: no such host, delaying for: 2.458403445s
WARNING: preview application http://bdd-gh-1574878375.**-cb-kubecd-bdd-gh-1574878375-pr-1.c**d5.bdd.jenkins-x.rocks not available, error was Get http://bdd-gh-1574878375.**-cb-kubecd-bdd-gh-1574878375-pr-1.c**d5.bdd.jenkins-x.rocks: dial tcp: lookup bdd-gh-1574878375.**-cb-kubecd-bdd-gh-1574878375-pr-1.c**d5.bdd.jenkins-x.rocks on 10.71.240.10:53: no such host, delaying for: 3.806441792s
WARNING: preview application http://bdd-gh-1574878375.**-cb-kubecd-bdd-gh-1574878375-pr-1.c**d5.bdd.jenkins-x.rocks not available, error was Get http://bdd-gh-1574878375.**-cb-kubecd-bdd-gh-1574878375-pr-1.c**d5.bdd.jenkins-x.rocks: dial tcp: lookup bdd-gh-1574878375.**-cb-kubecd-bdd-gh-1574878375-pr-1.c**d5.bdd.jenkins-x.rocks on 10.71.240.10:53: no such host, delaying for: 6.567118239s
WARNING: preview application http://bdd-gh-1574878375.**-cb-kubecd-bdd-gh-1574878375-pr-1.c**d5.bdd.jenkins-x.rocks not available, error was Get http://bdd-gh-1574878375.**-cb-kubecd-bdd-gh-1574878375-pr-1.c**d5.bdd.jenkins-x.rocks: dial tcp: lookup bdd-gh-1574878375.**-cb-kubecd-bdd-gh-1574878375-pr-1.c**d5.bdd.jenkins-x.rocks on 10.71.240.10:53: no such host, delaying for: 6.190486398s
WARNING: preview application http://bdd-gh-1574878375.**-cb-kubecd-bdd-gh-1574878375-pr-1.c**d5.bdd.jenkins-x.rocks not available, error was Get http://bdd-gh-1574878375.**-cb-kubecd-bdd-gh-1574878375-pr-1.c**d5.bdd.jenkins-x.rocks: dial tcp: lookup bdd-gh-1574878375.**-cb-kubecd-bdd-gh-1574878375-pr-1.c**d5.bdd.jenkins-x.rocks on 10.71.240.10:53: no such host, delaying for: 5.84140762s
WARNING: preview application http://bdd-gh-1574878375.**-cb-kubecd-bdd-gh-1574878375-pr-1.c**d5.bdd.jenkins-x.rocks not available, error was Get http://bdd-gh-1574878375.**-cb-kubecd-bdd-gh-1574878375-pr-1.c**d5.bdd.jenkins-x.rocks: dial tcp: lookup bdd-gh-1574878375.**-cb-kubecd-bdd-gh-1574878375-pr-1.c**d5.bdd.jenkins-x.rocks on 10.71.240.10:53: no such host, delaying for: 14.204706135s
WARNING: preview application http://bdd-gh-1574878375.**-cb-kubecd-bdd-gh-1574878375-pr-1.c**d5.bdd.jenkins-x.rocks not available, error was Get http://bdd-gh-1574878375.**-cb-kubecd-bdd-gh-1574878375-pr-1.c**d5.bdd.jenkins-x.rocks: dial tcp: lookup bdd-gh-1574878375.**-cb-kubecd-bdd-gh-1574878375-pr-1.c**d5.bdd.jenkins-x.rocks on 10.71.240.10:53: no such host, delaying for: 37.773980375s
WARNING: preview application http://bdd-gh-1574878375.**-cb-kubecd-bdd-gh-1574878375-pr-1.c**d5.bdd.jenkins-x.rocks not available, error was Get http://bdd-gh-1574878375.**-cb-kubecd-bdd-gh-1574878375-pr-1.c**d5.bdd.jenkins-x.rocks: dial tcp: lookup bdd-gh-1574878375.**-cb-kubecd-bdd-gh-1574878375-pr-1.c**d5.bdd.jenkins-x.rocks on 10.71.240.10:53: no such host, delaying for: 55.738381144s
WARNING: preview application http://bdd-gh-1574878375.**-cb-kubecd-bdd-gh-1574878375-pr-1.c**d5.bdd.jenkins-x.rocks not available, error was Get http://bdd-gh-1574878375.**-cb-kubecd-bdd-gh-1574878375-pr-1.c**d5.bdd.jenkins-x.rocks: dial tcp: lookup bdd-gh-1574878375.**-cb-kubecd-bdd-gh-1574878375-pr-1.c**d5.bdd.jenkins-x.rocks on 10.71.240.10:53: no such host, delaying for: 1m4.921413071s
WARNING: preview application http://bdd-gh-1574878375.**-cb-kubecd-bdd-gh-1574878375-pr-1.c**d5.bdd.jenkins-x.rocks not available, error was Get http://bdd-gh-1574878375.**-cb-kubecd-bdd-gh-1574878375-pr-1.c**d5.bdd.jenkins-x.rocks: dial tcp: lookup bdd-gh-1574878375.**-cb-kubecd-bdd-gh-1574878375-pr-1.c**d5.bdd.jenkins-x.rocks on 10.71.240.10:53: no such host, delaying for: 1m15.104434734s
WARNING: preview application http://bdd-gh-1574878375.**-cb-kubecd-bdd-gh-1574878375-pr-1.c**d5.bdd.jenkins-x.rocks not available, error was Get http://bdd-gh-1574878375.**-cb-kubecd-bdd-gh-1574878375-pr-1.c**d5.bdd.jenkins-x.rocks: dial tcp: lookup bdd-gh-1574878375.**-cb-kubecd-bdd-gh-1574878375-pr-1.c**d5.bdd.jenkins-x.rocks on 10.71.240.10:53: no such host, delaying for: 48.630616573s
Preview application is now available at: http://bdd-gh-1574878375.**-cb-kubecd-bdd-gh-1574878375-pr-1.c**d5.bdd.jenkins-x.rocks
